0 info it worked if it ends with ok
1 verbose cli [ '/usr/local/Cellar/node/7.7.1_1/bin/node',
1 verbose cli   '/usr/local/bin/npm',
1 verbose cli   'run',
1 verbose cli   'martin' ]
2 info using npm@4.1.2
3 info using node@v7.7.1
4 verbose run-script [ 'premartin', 'martin', 'postmartin' ]
5 info lifecycle badapples@0.1.0~premartin: badapples@0.1.0
6 silly lifecycle badapples@0.1.0~premartin: no script for premartin, continuing
7 info lifecycle badapples@0.1.0~martin: badapples@0.1.0
8 verbose lifecycle badapples@0.1.0~martin: unsafe-perm in lifecycle true
9 verbose lifecycle badapples@0.1.0~martin: PATH: /usr/local/lib/node_modules/npm/bin/node-gyp-bin:/Users/Patrick/Desktop/Projects/Bad-Apples/node_modules/.bin:/usr/local/bin:/usr/bin:/bin:/usr/sbin:/sbin
10 verbose lifecycle badapples@0.1.0~martin: CWD: /Users/Patrick/Desktop/Projects/Bad-Apples
11 silly lifecycle badapples@0.1.0~martin: Args: [ '-c',
11 silly lifecycle   'webpack --config webpack.config.js && nodemon server.js && react-scripts start' ]
12 silly lifecycle badapples@0.1.0~martin: Returned: code: 2  signal: null
13 info lifecycle badapples@0.1.0~martin: Failed to exec martin script
14 verbose stack Error: badapples@0.1.0 martin: `webpack --config webpack.config.js && nodemon server.js && react-scripts start`
14 verbose stack Exit status 2
14 verbose stack     at EventEmitter.<anonymous> (/usr/local/lib/node_modules/npm/lib/utils/lifecycle.js:279:16)
14 verbose stack     at emitTwo (events.js:106:13)
14 verbose stack     at EventEmitter.emit (events.js:194:7)
14 verbose stack     at ChildProcess.<anonymous> (/usr/local/lib/node_modules/npm/lib/utils/spawn.js:40:14)
14 verbose stack     at emitTwo (events.js:106:13)
14 verbose stack     at ChildProcess.emit (events.js:194:7)
14 verbose stack     at maybeClose (internal/child_process.js:899:16)
14 verbose stack     at Process.ChildProcess._handle.onexit (internal/child_process.js:226:5)
15 verbose pkgid badapples@0.1.0
16 verbose cwd /Users/Patrick/Desktop/Projects/Bad-Apples
17 error Darwin 16.6.0
18 error argv "/usr/local/Cellar/node/7.7.1_1/bin/node" "/usr/local/bin/npm" "run" "martin"
19 error node v7.7.1
20 error npm  v4.1.2
21 error code ELIFECYCLE
22 error badapples@0.1.0 martin: `webpack --config webpack.config.js && nodemon server.js && react-scripts start`
22 error Exit status 2
23 error Failed at the badapples@0.1.0 martin script 'webpack --config webpack.config.js && nodemon server.js && react-scripts start'.
23 error Make sure you have the latest version of node.js and npm installed.
23 error If you do, this is most likely a problem with the badapples package,
23 error not with npm itself.
23 error Tell the author that this fails on your system:
23 error     webpack --config webpack.config.js && nodemon server.js && react-scripts start
23 error You can get information on how to open an issue for this project with:
23 error     npm bugs badapples
23 error Or if that isn't available, you can get their info via:
23 error     npm owner ls badapples
23 error There is likely additional logging output above.
24 verbose exit [ 1, true ]
